Using pre-set license
Built from '2021.2/staging' branch; Version is '2021.2.3f1 (32358a8527b4) revision 3290506'; Using compiler version '192829333'; Build Type 'Release'
OS: 'Windows 10 Home; OS build 19043.1415; Version 2009; 64bit' Language: 'fr' Physical Memory: 16146 MB
BatchMode: 1, IsHumanControllingUs: 0, StartBugReporterOnCrash: 0, Is64bit: 1, IsPro: 0

COMMAND LINE ARGUMENTS:
C:\Program Files\Unity\Hub\Editor\2021.2.3f1\Editor\Unity.exe
-adb2
-batchMode
-noUpm
-name
AssetImportWorker0
-projectPath
C:/Users/louis/Documents/Unity Projects/LA PEO
-logFile
Logs/AssetImportWorker0.log
-srvPort
54751
Successfully changed project path to: C:/Users/louis/Documents/Unity Projects/LA PEO
C:/Users/louis/Documents/Unity Projects/LA PEO
[UnityMemory] Configuration Parameters - Can be set up in boot.config
    "memorysetup-bucket-allocator-granularity=16"
    "memorysetup-bucket-allocator-bucket-count=8"
    "memorysetup-bucket-allocator-block-size=33554432"
    "memorysetup-bucket-allocator-block-count=8"
    "memorysetup-main-allocator-block-size=16777216"
    "memorysetup-thread-allocator-block-size=16777216"
    "memorysetup-gfx-main-allocator-block-size=16777216"
    "memorysetup-gfx-thread-allocator-block-size=16777216"
    "memorysetup-cache-allocator-block-size=4194304"
    "memorysetup-typetree-allocator-block-size=2097152"
    "memorysetup-profiler-bucket-allocator-granularity=16"
    "memorysetup-profiler-bucket-allocator-bucket-count=8"
    "memorysetup-profiler-bucket-allocator-block-size=33554432"
    "memorysetup-profiler-bucket-allocator-block-count=8"
    "memorysetup-profiler-allocator-block-size=16777216"
    "memorysetup-profiler-editor-allocator-block-size=1048576"
    "memorysetup-temp-allocator-size-main=16777216"
    "memorysetup-job-temp-allocator-block-size=2097152"
    "memorysetup-job-temp-allocator-block-size-background=1048576"
    "memorysetup-job-temp-allocator-reduction-small-platforms=262144"
    "memorysetup-temp-allocator-size-background-worker=32768"
    "memorysetup-temp-allocator-size-job-worker=262144"
    "memorysetup-temp-allocator-size-preload-manager=33554432"
    "memorysetup-temp-allocator-size-nav-mesh-worker=65536"
    "memorysetup-temp-allocator-size-audio-worker=65536"
    "memorysetup-temp-allocator-size-cloud-worker=32768"
    "memorysetup-temp-allocator-size-gi-baking-worker=262144"
    "memorysetup-temp-allocator-size-gfx=262144"
Refreshing native plugins compatible for Editor in 75.55 ms, found 3 plugins.
Preloading 0 native plugins for Editor in 0.00 ms.
Initialize engine version: 2021.2.3f1 (32358a8527b4)
[Subsystems] Discovering subsystems at path C:/Program Files/Unity/Hub/Editor/2021.2.3f1/Editor/Data/Resources/UnitySubsystems
[Subsystems] Discovering subsystems at path C:/Users/louis/Documents/Unity Projects/LA PEO/Assets
GfxDevice: creating device client; threaded=0; jobified=0
Direct3D:
    Version:  Direct3D 11.0 [level 11.1]
    Renderer: NVIDIA GeForce RTX 3070 Laptop GPU (ID=0x24dd)
    Vendor:   NVIDIA
    VRAM:     8044 MB
    Driver:   30.0.14.7212
Initialize mono
Mono path[0] = 'C:/Program Files/Unity/Hub/Editor/2021.2.3f1/Editor/Data/Managed'
Mono path[1] = 'C:/Program Files/Unity/Hub/Editor/2021.2.3f1/Editor/Data/MonoBleedingEdge/lib/mono/unityjit-win32'
Mono config path = 'C:/Program Files/Unity/Hub/Editor/2021.2.3f1/Editor/Data/MonoBleedingEdge/etc'
Using monoOptions --debugger-agent=transport=dt_socket,embedding=1,server=y,suspend=n,address=127.0.0.1:56704
Begin MonoManager ReloadAssembly
Registering precompiled unity dll's ...
Register platform support module: C:/Program Files/Unity/Hub/Editor/2021.2.3f1/Editor/Data/PlaybackEngines/WindowsStandaloneSupport/UnityEditor.WindowsStandalone.Extensions.dll
Registered in 0.009456 seconds.
Native extension for WindowsStandalone target not found
Refreshing native plugins compatible for Editor in 72.28 ms, found 3 plugins.
Preloading 0 native plugins for Editor in 0.00 ms.
Mono: successfully reloaded assembly
- Completed reload, in  0.644 seconds
Domain Reload Profiling:
	ReloadAssembly (644ms)
		BeginReloadAssembly (84ms)
			ExecutionOrderSort (0ms)
			DisableScriptedObjects (0ms)
			BackupInstance (0ms)
			ReleaseScriptingObjects (0ms)
			CreateAndSetChildDomain (1ms)
		EndReloadAssembly (473ms)
			LoadAssemblies (81ms)
			RebuildTransferFunctionScriptingTraits (0ms)
			SetupTypeCache (108ms)
			ReleaseScriptCaches (0ms)
			RebuildScriptCaches (28ms)
			SetupLoadedEditorAssemblies (282ms)
				LogAssemblyErrors (0ms)
				InitializePlatformSupportModulesInManaged (15ms)
				SetLoadedEditorAssemblies (0ms)
				RefreshPlugins (72ms)
				BeforeProcessingInitializeOnLoad (2ms)
				ProcessInitializeOnLoadAttributes (143ms)
				ProcessInitializeOnLoadMethodAttributes (49ms)
				AfterProcessingInitializeOnLoad (0ms)
				EditorAssembliesLoaded (0ms)
			ExecutionOrderSort2 (0ms)
			AwakeInstancesAfterBackupRestoration (0ms)
Platform modules already initialized, skipping
Registering precompiled user dll's ...
Registered in 0.007310 seconds.
Begin MonoManager ReloadAssembly
Symbol file LoadedFromMemory doesn't match image C:\Users\louis\Documents\Unity Projects\LA PEO\Library\PackageCache\com.unity.visualscripting@1.7.5\Editor\VisualScripting.Core\Dependencies\YamlDotNet\Unity.VisualScripting.YamlDotNet.dll
Symbol file LoadedFromMemory doesn't match image C:\Users\louis\Documents\Unity Projects\LA PEO\Library\PackageCache\com.unity.visualscripting@1.7.5\Editor\VisualScripting.Core\Dependencies\DotNetZip\Unity.VisualScripting.IonicZip.dll
Native extension for WindowsStandalone target not found
Refreshing native plugins compatible for Editor in 0.51 ms, found 3 plugins.
Preloading 0 native plugins for Editor in 0.00 ms.
Mono: successfully reloaded assembly
- Completed reload, in  1.149 seconds
Domain Reload Profiling:
	ReloadAssembly (1150ms)
		BeginReloadAssembly (189ms)
			ExecutionOrderSort (0ms)
			DisableScriptedObjects (8ms)
			BackupInstance (0ms)
			ReleaseScriptingObjects (0ms)
			CreateAndSetChildDomain (20ms)
		EndReloadAssembly (858ms)
			LoadAssemblies (94ms)
			RebuildTransferFunctionScriptingTraits (0ms)
			SetupTypeCache (251ms)
			ReleaseScriptCaches (1ms)
			RebuildScriptCaches (52ms)
			SetupLoadedEditorAssemblies (374ms)
				LogAssemblyErrors (0ms)
				InitializePlatformSupportModulesInManaged (11ms)
				SetLoadedEditorAssemblies (0ms)
				RefreshPlugins (1ms)
				BeforeProcessingInitializeOnLoad (82ms)
				ProcessInitializeOnLoadAttributes (246ms)
				ProcessInitializeOnLoadMethodAttributes (23ms)
				AfterProcessingInitializeOnLoad (10ms)
				EditorAssembliesLoaded (0ms)
			ExecutionOrderSort2 (0ms)
			AwakeInstancesAfterBackupRestoration (5ms)
Platform modules already initialized, skipping
========================================================================
Worker process is ready to serve import requests
Launched and connected shader compiler UnityShaderCompiler.exe after 0.04 seconds
Refreshing native plugins compatible for Editor in 0.63 ms, found 3 plugins.
Preloading 0 native plugins for Editor in 0.00 ms.
Unloading 3267 Unused Serialized files (Serialized files now loaded: 0)
Unloading 24 unused Assets / (55.5 KB). Loaded Objects now: 3726.
Memory consumption went from 117.9 MB to 117.9 MB.
Total: 4.139400 ms (FindLiveObjects: 0.456100 ms CreateObjectMapping: 0.351700 ms MarkObjects: 3.248900 ms  DeleteObjects: 0.081400 ms)

AssetImportParameters requested are different than current active one (requested -> active):
  custom:video-decoder-ogg-theora: a1e56fd34408186e4bbccfd4996cb3dc -> 
  custom:container-muxer-webm: aa71ff27fc2769a1b78a27578f13a17b -> 
  custom:container-demuxer-webm: 4f35f7cbe854078d1ac9338744f61a02 -> 
  custom:video-encoder-webm-vp8: eb34c28f22e8b96e1ab97ce403110664 -> 
  custom:video-codec-MediaFoundation-h265: 746d11721c4dcdbdad8f713fa42b33f4 -> 
  custom:audio-encoder-webm-vorbis: bf7c407c2cedff20999df2af8eb42d56 -> 
  custom:framework-win-MediaFoundation: 216162199b28c13a410421893ffa2e32 -> 
  custom:container-demuxer-ogg: 62fdf1f143b41e24485cea50d1cbac27 -> 
  custom:video-decoder-webm-vp8: 9c59270c3fd7afecdb556c50c9e8de78 -> 
  custom:audio-decoder-ogg-vorbis: bf7c407c2cedff20999df2af8eb42d56 -> 
========================================================================
Received Import Request.
  Time since last request: 590377.820455 seconds.
  path: Assets/Data/Questions/Elections/Alcool.asset
  artifactKey: Guid(4612bd45a9d13814387711420909879e) Importer(815301076,1909f56bfc062723c751e8b465ee728b)
Start importing Assets/Data/Questions/Elections/Alcool.asset using Guid(4612bd45a9d13814387711420909879e) Importer(815301076,1909f56bfc062723c751e8b465ee728b)  -> (artifact id: '1b777c318ee2d35996a1dee1fb29c22d') in 0.027539 seconds 
========================================================================
Received Import Request.
  Time since last request: 12.786411 seconds.
  path: Assets/Data/Questions/Elections/Couleur.asset
  artifactKey: Guid(17669159f79f25f4cbebc2292e25c60b) Importer(815301076,1909f56bfc062723c751e8b465ee728b)
Start importing Assets/Data/Questions/Elections/Couleur.asset using Guid(17669159f79f25f4cbebc2292e25c60b) Importer(815301076,1909f56bfc062723c751e8b465ee728b)  -> (artifact id: 'ab9ebcbeb8a8a5e6b6cfc8a160a8d8dd') in 0.002179 seconds 
========================================================================
Received Import Request.
  Time since last request: 2.323346 seconds.
  path: Assets/Data/Questions/Elections/Eau Petillante.asset
  artifactKey: Guid(2f2947ae0b25dce4aa2af423d1daeb18) Importer(815301076,1909f56bfc062723c751e8b465ee728b)
Start importing Assets/Data/Questions/Elections/Eau Petillante.asset using Guid(2f2947ae0b25dce4aa2af423d1daeb18) Importer(815301076,1909f56bfc062723c751e8b465ee728b)  -> (artifact id: '2c8d80776ee6c1ffb5424f9d41cef2c7') in 0.001978 seconds 
========================================================================
Received Import Request.
  Time since last request: 2.288878 seconds.
  path: Assets/Data/Questions/Elections/Eau Plate.asset
  artifactKey: Guid(6af9674bf68634c43a46dd2bd7957d9c) Importer(815301076,1909f56bfc062723c751e8b465ee728b)
Start importing Assets/Data/Questions/Elections/Eau Plate.asset using Guid(6af9674bf68634c43a46dd2bd7957d9c) Importer(815301076,1909f56bfc062723c751e8b465ee728b)  -> (artifact id: '45a46937f45ff1ebf8657b229c2c8966') in 0.001953 seconds 
========================================================================
Received Import Request.
  Time since last request: 2.727392 seconds.
  path: Assets/Data/Questions/Elections/Fast Food.asset
  artifactKey: Guid(1eebf7ae0d7710c47a1b0a664ba50ed4) Importer(815301076,1909f56bfc062723c751e8b465ee728b)
Start importing Assets/Data/Questions/Elections/Fast Food.asset using Guid(1eebf7ae0d7710c47a1b0a664ba50ed4) Importer(815301076,1909f56bfc062723c751e8b465ee728b)  -> (artifact id: '1ffa2e466872acbf64e9f4c365071038') in 0.002192 seconds 
========================================================================
Received Import Request.
  Time since last request: 5.067660 seconds.
  path: Assets/Data/Questions/Elections/Fromage.asset
  artifactKey: Guid(aa05b55a23b16c9498af3358714ac0a1) Importer(815301076,1909f56bfc062723c751e8b465ee728b)
Start importing Assets/Data/Questions/Elections/Fromage.asset using Guid(aa05b55a23b16c9498af3358714ac0a1) Importer(815301076,1909f56bfc062723c751e8b465ee728b)  -> (artifact id: '3c1dd940b07b45ef76e4092b78e518c7') in 0.002356 seconds 
========================================================================
Received Import Request.
  Time since last request: 0.997472 seconds.
  path: Assets/Data/Questions/Elections/Fruit.asset
  artifactKey: Guid(9e433245d2fe987439a3110229eb45df) Importer(815301076,1909f56bfc062723c751e8b465ee728b)
Start importing Assets/Data/Questions/Elections/Fruit.asset using Guid(9e433245d2fe987439a3110229eb45df) Importer(815301076,1909f56bfc062723c751e8b465ee728b)  -> (artifact id: 'd53bcf382c9af9f580de1fb97760dc74') in 0.002007 seconds 
========================================================================
Received Import Request.
  Time since last request: 0.611739 seconds.
  path: Assets/Data/Questions/Elections/Grand Ville.asset
  artifactKey: Guid(896ea78ef2a682f45ad9a7e103ec5c25) Importer(815301076,1909f56bfc062723c751e8b465ee728b)
Start importing Assets/Data/Questions/Elections/Grand Ville.asset using Guid(896ea78ef2a682f45ad9a7e103ec5c25) Importer(815301076,1909f56bfc062723c751e8b465ee728b)  -> (artifact id: '986b337c96b64b451e6b99a16450d47b') in 0.002254 seconds 
========================================================================
Received Import Request.
  Time since last request: 0.354339 seconds.
  path: Assets/Data/Questions/Elections/Humoriste.asset
  artifactKey: Guid(ae2910d13e1d41b42a1d2e7a836e3bb3) Importer(815301076,1909f56bfc062723c751e8b465ee728b)
Start importing Assets/Data/Questions/Elections/Humoriste.asset using Guid(ae2910d13e1d41b42a1d2e7a836e3bb3) Importer(815301076,1909f56bfc062723c751e8b465ee728b)  -> (artifact id: 'b2213433c15308bd79deab64e4b37e22') in 0.002085 seconds 
========================================================================
Received Import Request.
  Time since last request: 0.418588 seconds.
  path: Assets/Data/Questions/Elections/Jeu Societe.asset
  artifactKey: Guid(04c82f94c14da104b94b94ed40dd61be) Importer(815301076,1909f56bfc062723c751e8b465ee728b)
Start importing Assets/Data/Questions/Elections/Jeu Societe.asset using Guid(04c82f94c14da104b94b94ed40dd61be) Importer(815301076,1909f56bfc062723c751e8b465ee728b)  -> (artifact id: '34cb930c927a2c00d910993d151dadad') in 0.001868 seconds 
========================================================================
Received Import Request.
  Time since last request: 19.745138 seconds.
  path: Assets/Data/Questions/Elections/Jeu TV.asset
  artifactKey: Guid(617dfa065714b944f9fc7b0a2c5e2249) Importer(815301076,1909f56bfc062723c751e8b465ee728b)
Start importing Assets/Data/Questions/Elections/Jeu TV.asset using Guid(617dfa065714b944f9fc7b0a2c5e2249) Importer(815301076,1909f56bfc062723c751e8b465ee728b)  -> (artifact id: 'b414eef09421580aa3437d4ae3017058') in 0.002034 seconds 
========================================================================
Received Import Request.
  Time since last request: 4.541520 seconds.
  path: Assets/Data/Questions/Elections/Kinder.asset
  artifactKey: Guid(ec18eea3452a9934ca35e22e585ba3d9) Importer(815301076,1909f56bfc062723c751e8b465ee728b)
Start importing Assets/Data/Questions/Elections/Kinder.asset using Guid(ec18eea3452a9934ca35e22e585ba3d9) Importer(815301076,1909f56bfc062723c751e8b465ee728b)  -> (artifact id: '94e6db896a2ec703c451d74de9bb8a6e') in 0.002147 seconds 
========================================================================
Received Import Request.
  Time since last request: 0.548984 seconds.
  path: Assets/Data/Questions/Elections/Legume.asset
  artifactKey: Guid(8d078905d7cdbb74da44a4c2a1163cc1) Importer(815301076,1909f56bfc062723c751e8b465ee728b)
Start importing Assets/Data/Questions/Elections/Legume.asset using Guid(8d078905d7cdbb74da44a4c2a1163cc1) Importer(815301076,1909f56bfc062723c751e8b465ee728b)  -> (artifact id: '62935497783c21a905e73d7200460393') in 0.002138 seconds 
========================================================================
Received Import Request.
  Time since last request: 0.364843 seconds.
  path: Assets/Data/Questions/Elections/Pate.asset
  artifactKey: Guid(b310b8f0642da5048833a6aa19a6a39b) Importer(815301076,1909f56bfc062723c751e8b465ee728b)
Start importing Assets/Data/Questions/Elections/Pate.asset using Guid(b310b8f0642da5048833a6aa19a6a39b) Importer(815301076,1909f56bfc062723c751e8b465ee728b)  -> (artifact id: 'd8afee7d3abfaf8366b6edc805622d98') in 0.001998 seconds 
========================================================================
Received Import Request.
  Time since last request: 2.736120 seconds.
  path: Assets/Data/Questions/Elections/Sport.asset
  artifactKey: Guid(fe84e20ab961e5b46aed588ed5d230ec) Importer(815301076,1909f56bfc062723c751e8b465ee728b)
Start importing Assets/Data/Questions/Elections/Sport.asset using Guid(fe84e20ab961e5b46aed588ed5d230ec) Importer(815301076,1909f56bfc062723c751e8b465ee728b)  -> (artifact id: '8e0b8b9dc10afd8dc7810358b563651c') in 0.002251 seconds 
========================================================================
Received Import Request.
  Time since last request: 0.743942 seconds.
  path: Assets/Data/Questions/Elections/Soda.asset
  artifactKey: Guid(fdd806887cde7814da757b8075f12997) Importer(815301076,1909f56bfc062723c751e8b465ee728b)
Start importing Assets/Data/Questions/Elections/Soda.asset using Guid(fdd806887cde7814da757b8075f12997) Importer(815301076,1909f56bfc062723c751e8b465ee728b)  -> (artifact id: 'fe931eafb65725f88b5897523d79c1fd') in 0.001938 seconds 
========================================================================
Received Import Request.
  Time since last request: 2.032386 seconds.
  path: Assets/Data/Questions/Elections/Supermarche.asset
  artifactKey: Guid(362247183c7f399478e0ca036d0c8449) Importer(815301076,1909f56bfc062723c751e8b465ee728b)
Start importing Assets/Data/Questions/Elections/Supermarche.asset using Guid(362247183c7f399478e0ca036d0c8449) Importer(815301076,1909f56bfc062723c751e8b465ee728b)  -> (artifact id: '3f326a974b45e6312e8bd7c2b023580d') in 0.003027 seconds 
